#! /usr/share/iverilog-0.9.7/bin/vvp
:ivl_version "0.9.7 " "(v0_9_6)";
:vpi_time_precision - 12;
:vpi_module "system";
:vpi_module "v2005_math";
:vpi_module "va_math";
S_0x22cc2d0 .scope module, "tb" "tb" 2 4;
 .timescale -9 -12;
v0x22e8c30_0 .var "addr", 7 0;
v0x22e8d20_0 .var "clk", 0 0;
v0x22e8df0_0 .net "out", 7 0, v0x22e8510_0; 1 drivers
v0x22e8e70_0 .var "rst", 0 0;
S_0x22cc3c0 .scope module, "cache1" "cache" 2 10, 3 4, S_0x22cc2d0;
 .timescale -9 -12;
v0x22e8210_0 .net "addr", 7 0, v0x22e8c30_0; 1 drivers
v0x22e82b0_0 .net "clk", 0 0, v0x22e8d20_0; 1 drivers
v0x22e8360 .array "data_mem", 7 0, 7 0;
v0x22e83e0_0 .var/i "i", 31 0;
v0x22e8490_0 .var "index", 2 0;
v0x22e8510_0 .var "op", 7 0;
v0x22e8590_0 .alias "out", 7 0, v0x22e8df0_0;
v0x22e8630_0 .net "ram_out", 7 0, L_0x22e8800; 1 drivers
v0x22e8700_0 .var "ram_out_reg", 7 0;
v0x22e8780_0 .net "rst", 0 0, v0x22e8e70_0; 1 drivers
v0x22e8890 .array "tag", 7 0, 4 0;
v0x22e89f0 .array "valid_bit", 7 0, 0 0;
E_0x22a9910 .event posedge, v0x22e7f00_0;
E_0x22a8960 .event edge, v0x22e8120_0, v0x22e83e0_0;
E_0x22bd5a0 .event edge, v0x22e7e50_0, v0x22e8080_0;
S_0x22d27b0 .scope module, "ram1" "ram" 3 19, 4 2, S_0x22cc3c0;
 .timescale -9 -12;
L_0x22e8800 .functor BUFZ 8, L_0x22e8f40, C4<00000000>, C4<00000000>, C4<00000000>;
v0x22d28d0_0 .var "DATA", 7 0;
v0x22e7d30 .array "RAM", 255 0, 7 0;
v0x22e7db0_0 .net *"_s0", 7 0, L_0x22e8f40; 1 drivers
v0x22e7e50_0 .alias "addr", 7 0, v0x22e8210_0;
v0x22e7f00_0 .alias "clk", 0 0, v0x22e82b0_0;
v0x22e7fa0_0 .var/i "i", 31 0;
v0x22e8080_0 .alias "out", 7 0, v0x22e8630_0;
v0x22e8120_0 .alias "rst", 0 0, v0x22e8780_0;
E_0x22d28a0 .event edge, v0x22e8120_0;
L_0x22e8f40 .array/port v0x22e7d30, v0x22e8c30_0;
    .scope S_0x22d27b0;
T_0 ;
    %set/v v0x22e7fa0_0, 0, 32;
T_0.0 ;
    %load/v 8, v0x22e7fa0_0, 32;
   %cmpi/s 8, 256, 32;
    %jmp/0xz T_0.1, 5;
    %load/v 8, v0x22e7fa0_0, 32;
    %ix/getv/s 3, v0x22e7fa0_0;
    %jmp/1 t_0, 4;
    %ix/load 0, 8, 0; word width
    %ix/load 1, 0, 0; part off
    %assign/av v0x22e7d30, 0, 8;
t_0 ;
    %ix/load 0, 1, 0;
    %load/vp0/s 8, v0x22e7fa0_0, 32;
    %set/v v0x22e7fa0_0, 8, 32;
    %jmp T_0.0;
T_0.1 ;
    %end;
    .thread T_0;
    .scope S_0x22d27b0;
T_1 ;
    %wait E_0x22d28a0;
    %load/v 8, v0x22e8120_0, 1;
    %jmp/0xz  T_1.0, 8;
    %ix/load 0, 8, 0;
    %assign/v0 v0x22d28d0_0, 0, 0;
T_1.0 ;
    %jmp T_1;
    .thread T_1, $push;
    .scope S_0x22cc3c0;
T_2 ;
    %vpi_call 3 26 "$dumpfile", "dump.vcd";
    %vpi_call 3 27 "$dumpvars", 2'sb01, S_0x22cc3c0;
    %end;
    .thread T_2;
    .scope S_0x22cc3c0;
T_3 ;
    %wait E_0x22bd5a0;
    %load/v 8, v0x22e8210_0, 3; Only need 3 of 8 bits
; Save base=8 wid=3 in lookaside.
    %set/v v0x22e8490_0, 8, 3;
    %load/v 8, v0x22e8630_0, 8;
    %set/v v0x22e8700_0, 8, 8;
    %jmp T_3;
    .thread T_3, $push;
    .scope S_0x22cc3c0;
T_4 ;
    %wait E_0x22a8960;
    %load/v 8, v0x22e8780_0, 1;
    %jmp/0xz  T_4.0, 8;
    %set/v v0x22e83e0_0, 0, 32;
T_4.2 ;
    %load/v 8, v0x22e83e0_0, 32;
   %cmpi/s 8, 8, 32;
    %jmp/0xz T_4.3, 5;
    %ix/getv/s 3, v0x22e83e0_0;
   %jmp/1 t_1, 4;
   %ix/load 1, 0, 0;
   %set/av v0x22e89f0, 0, 1;
t_1 ;
    %ix/getv/s 3, v0x22e83e0_0;
   %jmp/1 t_2, 4;
   %ix/load 1, 0, 0;
   %set/av v0x22e8890, 0, 5;
t_2 ;
    %ix/load 0, 1, 0;
    %load/vp0/s 8, v0x22e83e0_0, 32;
    %set/v v0x22e83e0_0, 8, 32;
    %jmp T_4.2;
T_4.3 ;
T_4.0 ;
    %jmp T_4;
    .thread T_4, $push;
    .scope S_0x22cc3c0;
T_5 ;
    %wait E_0x22a9910;
    %ix/getv 3, v0x22e8490_0;
    %load/av 8, v0x22e89f0, 1;
    %jmp/0xz  T_5.0, 8;
    %ix/getv 3, v0x22e8490_0;
    %load/av 8, v0x22e8890, 5;
    %ix/load 1, 3, 0;
    %mov 4, 0, 1;
    %jmp/1 T_5.2, 4;
    %load/x1p 13, v0x22e8210_0, 5;
    %jmp T_5.3;
T_5.2 ;
    %mov 13, 2, 5;
T_5.3 ;
; Save base=13 wid=5 in lookaside.
    %cmp/u 8, 13, 5;
    %jmp/0xz  T_5.4, 4;
    %ix/getv 3, v0x22e8490_0;
    %load/av 8, v0x22e8360, 8;
    %set/v v0x22e8510_0, 8, 8;
    %vpi_call 3 57 "$display", $realtime;
    %vpi_call 3 58 "$display", "HIT";
    %jmp T_5.5;
T_5.4 ;
    %load/v 8, v0x22e8700_0, 8;
    %set/v v0x22e8510_0, 8, 8;
    %load/v 8, v0x22e8700_0, 8;
    %ix/getv 3, v0x22e8490_0;
   %jmp/1 t_3, 4;
   %ix/load 1, 0, 0;
   %set/av v0x22e8360, 8, 8;
t_3 ;
    %ix/load 1, 3, 0;
    %mov 4, 0, 1;
    %jmp/1 T_5.6, 4;
    %load/x1p 8, v0x22e8210_0, 5;
    %jmp T_5.7;
T_5.6 ;
    %mov 8, 2, 5;
T_5.7 ;
; Save base=8 wid=5 in lookaside.
    %ix/getv 3, v0x22e8490_0;
   %jmp/1 t_4, 4;
   %ix/load 1, 0, 0;
   %set/av v0x22e8890, 8, 5;
t_4 ;
    %ix/getv 3, v0x22e8490_0;
   %jmp/1 t_5, 4;
   %ix/load 1, 0, 0;
   %set/av v0x22e89f0, 1, 1;
t_5 ;
    %vpi_call 3 66 "$display", $realtime;
    %vpi_call 3 67 "$display", "MISS";
T_5.5 ;
    %jmp T_5.1;
T_5.0 ;
    %load/v 8, v0x22e8700_0, 8;
    %set/v v0x22e8510_0, 8, 8;
    %load/v 8, v0x22e8700_0, 8;
    %ix/getv 3, v0x22e8490_0;
   %jmp/1 t_6, 4;
   %ix/load 1, 0, 0;
   %set/av v0x22e8360, 8, 8;
t_6 ;
    %ix/load 1, 3, 0;
    %mov 4, 0, 1;
    %jmp/1 T_5.8, 4;
    %load/x1p 8, v0x22e8210_0, 5;
    %jmp T_5.9;
T_5.8 ;
    %mov 8, 2, 5;
T_5.9 ;
; Save base=8 wid=5 in lookaside.
    %ix/getv 3, v0x22e8490_0;
   %jmp/1 t_7, 4;
   %ix/load 1, 0, 0;
   %set/av v0x22e8890, 8, 5;
t_7 ;
    %ix/getv 3, v0x22e8490_0;
   %jmp/1 t_8, 4;
   %ix/load 1, 0, 0;
   %set/av v0x22e89f0, 1, 1;
t_8 ;
    %vpi_call 3 77 "$display", $realtime;
    %vpi_call 3 78 "$display", "MISS";
T_5.1 ;
    %jmp T_5;
    .thread T_5;
    .scope S_0x22cc2d0;
T_6 ;
    %set/v v0x22e8d20_0, 1, 1;
    %set/v v0x22e8e70_0, 1, 1;
    %delay 50000, 0;
    %set/v v0x22e8e70_0, 0, 1;
    %movi 8, 2, 8;
    %set/v v0x22e8c30_0, 8, 8;
    %delay 20000, 0;
    %movi 8, 3, 8;
    %set/v v0x22e8c30_0, 8, 8;
    %delay 20000, 0;
    %movi 8, 4, 8;
    %set/v v0x22e8c30_0, 8, 8;
    %delay 20000, 0;
    %movi 8, 3, 8;
    %set/v v0x22e8c30_0, 8, 8;
    %delay 60000, 0;
    %vpi_call 2 35 "$finish";
    %end;
    .thread T_6;
    .scope S_0x22cc2d0;
T_7 ;
    %delay 5000, 0;
    %load/v 8, v0x22e8d20_0, 1;
    %inv 8, 1;
    %set/v v0x22e8d20_0, 8, 1;
    %jmp T_7;
    .thread T_7;
# The file index is used to find the file name in the following table.
:file_names 5;
    "N/A";
    "<interactive>";
    "testbench.sv";
    "design.sv";
    "./RAM.sv";
